<?xml version="1.0" encoding="UTF-8"?>
<!-- Generated by org.testng.reporters.JUnitXMLReporter -->
<testsuite ignored="0" hostname="DESKTOP-OS6GNK9" failures="0" tests="7" name="Test" time="0.389" errors="0" timestamp="2024-08-07T22:58:51 IST">
  <testcase classname="Login.grouping" name="loginByEmail" time="0.037"/>
  <testcase classname="Login.grouping" name="loginByfacebook" time="0.001"/>
  <testcase classname="Login.grouping" name="loginBytwitter" time="0.001"/>
  <testcase classname="Login.grouping" name="signupbyemail" time="0.003"/>
  <testcase classname="Login.grouping" name="signupbyfacebook" time="0.002"/>
  <testcase classname="Login.grouping" name="signupbytwitter" time="0.01"/>
  <testcase classname="Login.grouping" name="paymentbytwitter" time="0.001"/>
</testsuite> <!-- Test -->
