<?xml version="1.0" encoding="UTF-8"?>
<testng-results ignored="0" total="7" passed="7" failed="0" skipped="0">
  <reporter-output>
  </reporter-output>
  <suite started-at="2024-08-07T22:58:50 IST" name="Suite" finished-at="2024-08-07T22:58:51 IST" duration-ms="389">
    <groups>
      <group name="functional">
        <method signature="grouping.loginByEmail()[pri:1, instance:Login.grouping@6392827e]" name="loginByEmail" class="Login.grouping"/>
        <method signature="grouping.signupbyfacebook()[pri:5, instance:Login.grouping@6392827e]" name="signupbyfacebook" class="Login.grouping"/>
      </group> <!-- functional -->
      <group name="regression">
        <method signature="grouping.loginByEmail()[pri:1, instance:Login.grouping@6392827e]" name="loginByEmail" class="Login.grouping"/>
        <method signature="grouping.signupbyemail()[pri:4, instance:Login.grouping@6392827e]" name="signupbyemail" class="Login.grouping"/>
        <method signature="grouping.signupbyfacebook()[pri:5, instance:Login.grouping@6392827e]" name="signupbyfacebook" class="Login.grouping"/>
        <method signature="grouping.paymentbytwitter()[pri:7, instance:Login.grouping@6392827e]" name="paymentbytwitter" class="Login.grouping"/>
      </group> <!-- regression -->
      <group name="sanity">
        <method signature="grouping.loginByEmail()[pri:1, instance:Login.grouping@6392827e]" name="loginByEmail" class="Login.grouping"/>
        <method signature="grouping.loginByfacebook()[pri:2, instance:Login.grouping@6392827e]" name="loginByfacebook" class="Login.grouping"/>
        <method signature="grouping.loginBytwitter()[pri:3, instance:Login.grouping@6392827e]" name="loginBytwitter" class="Login.grouping"/>
        <method signature="grouping.signupbyfacebook()[pri:5, instance:Login.grouping@6392827e]" name="signupbyfacebook" class="Login.grouping"/>
        <method signature="grouping.signupbytwitter()[pri:6, instance:Login.grouping@6392827e]" name="signupbytwitter" class="Login.grouping"/>
      </group> <!-- sanity -->
    </groups>
    <test started-at="2024-08-07T22:58:50 IST" name="Test" finished-at="2024-08-07T22:58:51 IST" duration-ms="389">
      <class name="Login.grouping">
        <test-method signature="loginByEmail()[pri:1, instance:Login.grouping@6392827e]" started-at="2024-08-07T22:58:51 IST" name="loginByEmail" finished-at="2024-08-07T22:58:51 IST" duration-ms="37" status="PASS">
          <reporter-output>
          </reporter-output>
        </test-method> <!-- loginByEmail -->
        <test-method signature="loginByfacebook()[pri:2, instance:Login.grouping@6392827e]" started-at="2024-08-07T22:58:51 IST" name="loginByfacebook" finished-at="2024-08-07T22:58:51 IST" duration-ms="1" status="PASS">
          <reporter-output>
          </reporter-output>
        </test-method> <!-- loginByfacebook -->
        <test-method signature="loginBytwitter()[pri:3, instance:Login.grouping@6392827e]" started-at="2024-08-07T22:58:51 IST" name="loginBytwitter" finished-at="2024-08-07T22:58:51 IST" duration-ms="1" status="PASS">
          <reporter-output>
          </reporter-output>
        </test-method> <!-- loginBytwitter -->
        <test-method signature="signupbyemail()[pri:4, instance:Login.grouping@6392827e]" started-at="2024-08-07T22:58:51 IST" name="signupbyemail" finished-at="2024-08-07T22:58:51 IST" duration-ms="3" status="PASS">
          <reporter-output>
          </reporter-output>
        </test-method> <!-- signupbyemail -->
        <test-method signature="signupbyfacebook()[pri:5, instance:Login.grouping@6392827e]" started-at="2024-08-07T22:58:51 IST" name="signupbyfacebook" finished-at="2024-08-07T22:58:51 IST" duration-ms="2" status="PASS">
          <reporter-output>
          </reporter-output>
        </test-method> <!-- signupbyfacebook -->
        <test-method signature="signupbytwitter()[pri:6, instance:Login.grouping@6392827e]" started-at="2024-08-07T22:58:51 IST" name="signupbytwitter" finished-at="2024-08-07T22:58:51 IST" duration-ms="10" status="PASS">
          <reporter-output>
          </reporter-output>
        </test-method> <!-- signupbytwitter -->
        <test-method signature="paymentbytwitter()[pri:7, instance:Login.grouping@6392827e]" started-at="2024-08-07T22:58:51 IST" name="paymentbytwitter" finished-at="2024-08-07T22:58:51 IST" duration-ms="1" status="PASS">
          <reporter-output>
          </reporter-output>
        </test-method> <!-- paymentbytwitter -->
      </class> <!-- Login.grouping -->
    </test> <!-- Test -->
  </suite> <!-- Suite -->
</testng-results>
